<<<<<<< HEAD
﻿  pch.cpp
  AssemblyInfo.cpp
  CppCLR_WinFormsProject.cpp
C:\C_2024\HW1\HW1\Form1.h(352,11): warning C4101: 'j': 未參考的區域變數
  (編譯來源檔案 '/CppCLR_WinFormsProject.cpp')
  
C:\C_2024\HW1\HW1\Form1.h(352,8): warning C4101: 'i': 未參考的區域變數
  (編譯來源檔案 '/CppCLR_WinFormsProject.cpp')
  
C:\C_2024\HW1\HW1\Form1.h(371,10): warning C4101: 'j': 未參考的區域變數
=======
﻿  CppCLR_WinFormsProject.cpp
D:\Code\Data-Structure\HW1\HW1\Form1.h(627,11): warning C4101: 'j': 未參考的區域變數
  (編譯來源檔案 '/CppCLR_WinFormsProject.cpp')
  
D:\Code\Data-Structure\HW1\HW1\Form1.h(627,8): warning C4101: 'i': 未參考的區域變數
  (編譯來源檔案 '/CppCLR_WinFormsProject.cpp')
  
D:\Code\Data-Structure\HW1\HW1\Form1.h(646,11): warning C4101: 'j': 未參考的區域變數
  (編譯來源檔案 '/CppCLR_WinFormsProject.cpp')
  
D:\Code\Data-Structure\HW1\HW1\Form1.h(646,8): warning C4101: 'i': 未參考的區域變數
  (編譯來源檔案 '/CppCLR_WinFormsProject.cpp')
  
D:\Code\Data-Structure\HW1\HW1\Form1.h(731,14): warning C4244: '引數': 將 'time_t' 轉換為 'unsigned int'，由於類型不同，可能導致資料遺失
>>>>>>> 9b13e03ac162c9abbac1a2a514e4a31735f732b1
  (編譯來源檔案 '/CppCLR_WinFormsProject.cpp')
  
C:\C_2024\HW1\HW1\Form1.h(371,8): warning C4101: 'i': 未參考的區域變數
  (編譯來源檔案 '/CppCLR_WinFormsProject.cpp')
  
C:\C_2024\HW1\HW1\Form1.h(399,14): warning C4244: '引數': 將 'time_t' 轉換為 'unsigned int'，由於類型不同，可能導致資料遺失
  (編譯來源檔案 '/CppCLR_WinFormsProject.cpp')
  
  Form1.cpp
  正在產生程式碼...
  .NETFramework,Version=v4.7.2.AssemblyAttributes.cpp
  AssemblyInfo.obj : 發現 MSIL 模組。MSIL 的累加連結已停用。正在執行完整連結
  HW1.vcxproj -> C:\C_2024\HW1\x64\Release\HW1.exe
