  pch.cpp
  AssemblyInfo.cpp
  CppCLR_WinFormsProject.cpp
D:\Code\Data-Structure\Mouse_in_Maze\Mouse_in_Maze\Mouse_in_Maze\Form1.h(452,14): warning C4244: '引數': 將 'time_t' 轉換為 'unsigned int'，由於類型不同，可能導致資料遺失
  (編譯來源檔案 '/CppCLR_WinFormsProject.cpp')
  
D:\Code\Data-Structure\Mouse_in_Maze\Mouse_in_Maze\Mouse_in_Maze\Form1.h(598,26): warning C4101: 'len': 未參考的區域變數
  (編譯來源檔案 '/CppCLR_WinFormsProject.cpp')
  
D:\Code\Data-Structure\Mouse_in_Maze\Mouse_in_Maze\Mouse_in_Maze\Form1.h(593,12): warning C4101: 'a': 未參考的區域變數
  (編譯來源檔案 '/CppCLR_WinFormsProject.cpp')
  
D:\Code\Data-Structure\Mouse_in_Maze\Mouse_in_Maze\Mouse_in_Maze\Form1.h(594,12): warning C4101: 'b': 未參考的區域變數
  (編譯來源檔案 '/CppCLR_WinFormsProject.cpp')
  
D:\Code\Data-Structure\Mouse_in_Maze\Mouse_in_Maze\Mouse_in_Maze\Form1.h(597,10): warning C4101: 'fname': 未參考的區域變數
  (編譯來源檔案 '/CppCLR_WinFormsProject.cpp')
  
D:\Code\Data-Structure\Mouse_in_Maze\Mouse_in_Maze\Mouse_in_Maze\Form1.h(598,22): warning C4101: 'p2': 未參考的區域變數
  (編譯來源檔案 '/CppCLR_WinFormsProject.cpp')
  
  Form1.cpp
  正在產生程式碼...
D:\Code\Data-Structure\Mouse_in_Maze\Mouse_in_Maze\Mouse_in_Maze\Form1.h(553,1): warning C4700: 使用了未初始化的區域變數 'i'
  .NETFramework,Version=v4.7.2.AssemblyAttributes.cpp
  AssemblyInfo.obj : 發現 MSIL 模組。MSIL 的累加連結已停用。正在執行完整連結
  Mouse_in_Maze.vcxproj -> D:\Code\Data-Structure\Mouse_in_Maze\Mouse_in_Maze\x64\Release\Mouse_in_Maze.exe
